Build started 15/07/2013 19:09:13.
     1>Project "C:\Users\Cleyton\Desktop\Source\Source_Code\Stable\Anti-Hack\Acedia\Acedia.vcxproj" on node 2 (build target(s)).
     1>InitializeBuildStatus:
         Creating "Release\d3d9_25.unsuccessfulbuild" because "AlwaysCreate" was specified.
       ClCompile:
         C:\Program Files\Microsoft Visual Studio 10.0\VC\bin\CL.exe /c /Zi /nologo /W0 /WX- /O2 /Oi /Oy- /GL /D WIN32 /D NDEBUG /D _WINDOWS /D _USRDLL /D ACEDIA_EXPORTS /D _WINDLL /D _MBCS /Gm- /EHsc /MT /GS /Gy /fp:precise /Zc:wchar_t /Zc:forScope /Fo"Release\\" /Fd"Release\vc100.pdb" /Gd /TP /analyze- /errorReport:prompt Source\Acedia.cpp
         Acedia.cpp
       Link:
         C:\Program Files\Microsoft Visual Studio 10.0\VC\bin\link.exe /ERRORREPORT:PROMPT /OUT:"C:\Users\Cleyton\Desktop\Source\Source_Code\Stable\Anti-Hack\Release\d3d9_25.dll" /INCREMENTAL:NO /NOLOGO kernel32.lib user32.lib gdi32.lib winspool.lib comdlg32.lib advapi32.lib shell32.lib ole32.lib oleaut32.lib uuid.lib odbc32.lib odbccp32.lib /MANIFEST /ManifestFile:"Release\d3d9_25.dll.intermediate.manifest" /MANIFESTUAC:"level='asInvoker' uiAccess='false'" /DEBUG /PDB:"C:\Users\Cleyton\Desktop\Source\Source_Code\Stable\Anti-Hack\Release\d3d9_25.pdb" /SUBSYSTEM:WINDOWS /OPT:REF /OPT:ICF /LTCG /TLBID:1 /DYNAMICBASE /NXCOMPAT /IMPLIB:"C:\Users\Cleyton\Desktop\Source\Source_Code\Stable\Anti-Hack\Release\d3d9_25.lib" /MACHINE:X86 /DLL Release\CDetour.obj
         Release\CDetourDis.obj
         Release\Acedia.obj
         Release\md5.obj
         Release\md5wrapper.obj
         Generating code
         Finished generating code
         Acedia.vcxproj -> C:\Users\Cleyton\Desktop\Source\Source_Code\Stable\Anti-Hack\Release\d3d9_25.dll
       Manifest:
         C:\Program Files\Microsoft SDKs\Windows\v7.0A\bin\mt.exe /nologo /verbose /outputresource:"C:\Users\Cleyton\Desktop\Source\Source_Code\Stable\Anti-Hack\Release\d3d9_25.dll;#2" /manifest Release\d3d9_25.dll.intermediate.manifest
       FinalizeBuildStatus:
         Deleting file "Release\d3d9_25.unsuccessfulbuild".
         Touching "Release\d3d9_25.lastbuildstate".
     1>Done Building Project "C:\Users\Cleyton\Desktop\Source\Source_Code\Stable\Anti-Hack\Acedia\Acedia.vcxproj" (build target(s)).

Build succeeded.

Time Elapsed 00:00:05.79
